# JRE version: Java(TM) SE Runtime Environment (9.0+11) (build 9.0.1+11)
# Java VM: Java HotSpot(TM) 64-Bit Server VM (9.0.1+11, mixed mode, tiered, compressed oops, g1 gc, windows-amd64)
Heap:
 garbage-first heap   total 78848K, used 17631K [0x00000000a0000000, 0x00000000a0100268, 0x0000000100000000)
  region size 1024K, 4 young (4096K), 4 survivors (4096K)
 Metaspace       used 18962K, capacity 19496K, committed 19712K, reserved 1067008K
  class space    used 2361K, capacity 2491K, committed 2560K, reserved 1048576K
GC Heap History (9 events):
Event: 1.048 GC heap before
{Heap before GC invocations=0 (full 0):
 garbage-first heap   total 65536K, used 16384K [0x00000000a0000000, 0x00000000a0100200, 0x0000000100000000)
  region size 1024K, 14 young (14336K), 0 survivors (0K)
 Metaspace       used 8922K, capacity 9210K, committed 9472K, reserved 1058816K
  class space    used 898K, capacity 968K, committed 1024K, reserved 1048576K
}
Event: 1.056 GC heap after
{Heap after GC invocations=1 (full 0):
 garbage-first heap   total 65536K, used 7223K [0x00000000a0000000, 0x00000000a0100200, 0x0000000100000000)
  region size 1024K, 2 young (2048K), 2 survivors (2048K)
 Metaspace       used 8922K, capacity 9210K, committed 9472K, reserved 1058816K
  class space    used 898K, capacity 968K, committed 1024K, reserved 1048576K
}
Event: 1.458 GC heap before
{Heap before GC invocations=1 (full 0):
 garbage-first heap   total 65536K, used 18487K [0x00000000a0000000, 0x00000000a0100200, 0x0000000100000000)
  region size 1024K, 13 young (13312K), 2 survivors (2048K)
 Metaspace       used 10208K, capacity 10496K, committed 10624K, reserved 1058816K
  class space    used 1068K, capacity 1133K, committed 1152K, reserved 1048576K
}
Event: 1.469 GC heap after
{Heap after GC invocations=2 (full 0):
 garbage-first heap   total 65536K, used 9037K [0x00000000a0000000, 0x00000000a0100200, 0x0000000100000000)
  region size 1024K, 2 young (2048K), 2 survivors (2048K)
 Metaspace       used 10208K, capacity 10496K, committed 10624K, reserved 1058816K
  class space    used 1068K, capacity 1133K, committed 1152K, reserved 1048576K
}
Event: 1.923 GC heap before
{Heap before GC invocations=2 (full 0):
 garbage-first heap   total 65536K, used 30541K [0x00000000a0000000, 0x00000000a0100200, 0x0000000100000000)
  region size 1024K, 22 young (22528K), 2 survivors (2048K)
 Metaspace       used 10527K, capacity 10808K, committed 11008K, reserved 1058816K
  class space    used 1115K, capacity 1173K, committed 1280K, reserved 1048576K
}
Event: 1.931 GC heap after
{Heap after GC invocations=3 (full 0):
 garbage-first heap   total 65536K, used 11545K [0x00000000a0000000, 0x00000000a0100200, 0x0000000100000000)
  region size 1024K, 3 young (3072K), 3 survivors (3072K)
 Metaspace       used 10527K, capacity 10808K, committed 11008K, reserved 1058816K
  class space    used 1115K, capacity 1173K, committed 1280K, reserved 1048576K
}
Event: 3.538 GC heap before
{Heap before GC invocations=3 (full 0):
 garbage-first heap   total 65536K, used 41241K [0x00000000a0000000, 0x00000000a0100200, 0x0000000100000000)
  region size 1024K, 32 young (32768K), 3 survivors (3072K)
 Metaspace       used 16603K, capacity 17220K, committed 17280K, reserved 1064960K
  class space    used 1985K, capacity 2137K, committed 2176K, reserved 1048576K
}
Event: 3.554 GC heap after
{Heap after GC invocations=4 (full 0):
 garbage-first heap   total 65536K, used 16108K [0x00000000a0000000, 0x00000000a0100200, 0x0000000100000000)
  region size 1024K, 4 young (4096K), 4 survivors (4096K)
 Metaspace       used 16603K, capacity 17220K, committed 17280K, reserved 1064960K
  class space    used 1985K, capacity 2137K, committed 2176K, reserved 1048576K
}
Event: 3.991 GC heap before
{Heap before GC invocations=4 (full 0):
 garbage-first heap   total 65536K, used 40684K [0x00000000a0000000, 0x00000000a0100200, 0x0000000100000000)
  region size 1024K, 28 young (28672K), 4 survivors (4096K)
 Metaspace       used 18962K, capacity 19496K, committed 19712K, reserved 1067008K
  class space    used 2361K, capacity 2491K, committed 2560K, reserved 1048576K
}

